◇ injected env (1) from .env // tip: ⌘ multiple files { path: ['.env.local', '.env'] }
Server Started
MONGO URI: mongodb://deepanshukashiwale:deepanshu123@ac-mlsy0v4-shard-00-00.jwjnptr.mongodb.net:27017,ac-mlsy0v4-shard-00-01.jwjnptr.mongodb.net:27017,ac-mlsy0v4-shard-00-02.jwjnptr.mongodb.net:27017/?ssl=true&replicaSet=atlas-b899yz-shard-0&authSource=admin&appName=Cluster0
MongoDB Atlas Connected
Running Initial Sync...
SYNC STARTED
READ_DBF: 741.387ms
MONGO: 7.543ms
SYNC: 24.841s
SYNC COMPLETE : 1851
Initial Sync Complete
Server running on port 4000
◇ injected env (1) from .env // tip: ◈ secrets for agents [www.dotenvx.com]
Server Started
MONGO URI: mongodb://deepanshukashiwale:deepanshu123@ac-mlsy0v4-shard-00-00.jwjnptr.mongodb.net:27017,ac-mlsy0v4-shard-00-01.jwjnptr.mongodb.net:27017,ac-mlsy0v4-shard-00-02.jwjnptr.mongodb.net:27017/?ssl=true&replicaSet=atlas-b899yz-shard-0&authSource=admin&appName=Cluster0
MongoDB Atlas Connected
Running Initial Sync...
SYNC STARTED
READ_DBF: 1.831s
MONGO: 11.495ms
SYNC: 23.093s
SYNC COMPLETE : 1852
Initial Sync Complete
Server running on port 4000
◇ injected env (1) from .env // tip: ⌁ auth for agents [www.vestauth.com]
Server Started
MONGO URI: mongodb://deepanshukashiwale:deepanshu123@ac-mlsy0v4-shard-00-00.jwjnptr.mongodb.net:27017,ac-mlsy0v4-shard-00-01.jwjnptr.mongodb.net:27017,ac-mlsy0v4-shard-00-02.jwjnptr.mongodb.net:27017/?ssl=true&replicaSet=atlas-b899yz-shard-0&authSource=admin&appName=Cluster0
MongoDB Atlas Connected
Running Initial Sync...
SYNC STARTED
READ_DBF: 1.197s
MONGO: 9.047ms
SYNC: 21.470s
SYNC COMPLETE : 1852
Initial Sync Complete
Server running on port 4000
◇ injected env (1) from .env // tip: ⌘ custom filepath { path: '/custom/path/.env' }
Server Started
MONGO URI: mongodb://deepanshukashiwale:deepanshu123@ac-mlsy0v4-shard-00-00.jwjnptr.mongodb.net:27017,ac-mlsy0v4-shard-00-01.jwjnptr.mongodb.net:27017,ac-mlsy0v4-shard-00-02.jwjnptr.mongodb.net:27017/?ssl=true&replicaSet=atlas-b899yz-shard-0&authSource=admin&appName=Cluster0
MongoDB Atlas Connected
Running Initial Sync...
SYNC STARTED
READ_DBF: 2.192s
MONGO: 13.13ms
SYNC: 22.462s
SYNC COMPLETE : 1852
Initial Sync Complete
Server running on port 4000
SYNC STARTED
READ_DBF: 935.265ms
MONGO: 9.319ms
SYNC: 25.186s
SYNC COMPLETE : 1853
◇ injected env (1) from .env // tip: ⌘ enable debugging { debug: true }
Server Started
MONGO URI: mongodb://deepanshukashiwale:deepanshu123@ac-mlsy0v4-shard-00-00.jwjnptr.mongodb.net:27017,ac-mlsy0v4-shard-00-01.jwjnptr.mongodb.net:27017,ac-mlsy0v4-shard-00-02.jwjnptr.mongodb.net:27017/?ssl=true&replicaSet=atlas-b899yz-shard-0&authSource=admin&appName=Cluster0
MongoDB Atlas Connected
Running Initial Sync...
SYNC STARTED
READ_DBF: 585.089ms
MONGO: 10.802ms
SYNC: 19.868s
SYNC COMPLETE : 1853
Initial Sync Complete
Server running on port 4000
